<?xml version="1.0" encoding="UTF-8"?>
<!-- Generated by org.testng.reporters.JUnitReportReporter -->
<testsuite hostname="LAPTOP-0AOBK6OS" failures="0" tests="1" name="com.inetbanking.testcases.TC_LoginTest_001" time="2.453" errors="0" timestamp="2022-06-01T17:52:31 AEST" skipped="0">
  <testcase classname="com.inetbanking.testcases.TC_LoginTest_001" name="LoginTest" time="2.453"/>
  <system-out/>
</testsuite> <!-- com.inetbanking.testcases.TC_LoginTest_001 -->
